{"contracts/ConvertLib.sol":{"l":{"6":0},"path":"/home/ajs/gsn/ajs/tabookey-gasless/contracts/ConvertLib.sol","s":{"1":0},"b":{},"f":{"1":0},"fnMap":{"1":{"name":"convert","line":4,"loc":{"start":{"line":4,"column":4},"end":{"line":5,"column":5}}}},"statementMap":{"1":{"start":{"line":6,"column":8},"end":{"line":6,"column":38}}},"branchMap":{}},"contracts/GsnUtils.sol":{"l":{"11":4,"21":4,"31":2,"32":2,"33":2,"37":1,"42":23,"43":23,"44":23,"45":23},"path":"/home/ajs/gsn/ajs/tabookey-gasless/contracts/GsnUtils.sol","s":{"1":4,"2":4,"3":2,"4":2,"5":2,"6":1,"7":23,"8":23,"9":23,"10":23},"b":{},"f":{"1":4,"2":4,"3":2,"4":1,"5":23},"fnMap":{"1":{"name":"getMethodSig","line":10,"loc":{"start":{"line":10,"column":4},"end":{"line":10,"column":76}}},"2":{"name":"getParam","line":20,"loc":{"start":{"line":20,"column":4},"end":{"line":20,"column":82}}},"3":{"name":"getBytesParam","line":30,"loc":{"start":{"line":30,"column":4},"end":{"line":30,"column":100}}},"4":{"name":"getStringParam","line":36,"loc":{"start":{"line":36,"column":4},"end":{"line":36,"column":97}}},"5":{"name":"checkSig","line":40,"loc":{"start":{"line":40,"column":4},"end":{"line":40,"column":96}}}},"statementMap":{"1":{"start":{"line":11,"column":8},"end":{"line":11,"column":64}},"2":{"start":{"line":21,"column":8},"end":{"line":21,"column":60}},"3":{"start":{"line":31,"column":8},"end":{"line":31,"column":43}},"4":{"start":{"line":32,"column":8},"end":{"line":32,"column":52}},"5":{"start":{"line":33,"column":8},"end":{"line":33,"column":56}},"6":{"start":{"line":37,"column":8},"end":{"line":37,"column":51}},"7":{"start":{"line":42,"column":8},"end":{"line":42,"column":30}},"8":{"start":{"line":43,"column":8},"end":{"line":43,"column":46}},"9":{"start":{"line":44,"column":8},"end":{"line":44,"column":47}},"10":{"start":{"line":45,"column":8},"end":{"line":45,"column":49}}},"branchMap":{}},"contracts/IRelayHub.sol":{"l":{},"path":"/home/ajs/gsn/ajs/tabookey-gasless/contracts/IRelayHub.sol","s":{},"b":{},"f":{},"fnMap":{},"statementMap":{},"branchMap":{}},"contracts/IRelayRecipient.sol":{"l":{},"path":"/home/ajs/gsn/ajs/tabookey-gasless/contracts/IRelayRecipient.sol","s":{},"b":{},"f":{},"fnMap":{},"statementMap":{},"branchMap":{}},"contracts/RelayHub.sol":{"l":{"47":19,"48":19,"49":19,"53":0,"64":8,"65":6,"66":6,"67":6,"78":2,"79":2,"80":2,"81":2,"86":5,"90":0,"94":0,"100":12,"101":12,"102":10,"103":10,"105":10,"106":10,"107":10,"109":10,"110":10,"111":10,"115":7,"120":4,"121":4,"122":4,"123":4,"124":4,"125":4,"133":9,"134":9,"135":9,"136":7,"138":7,"139":7,"140":7,"144":6,"145":4,"147":4,"148":1,"150":4,"159":23,"160":23,"161":23,"162":23,"163":1,"165":22,"166":0,"169":22,"170":22,"174":22,"175":22,"176":22,"182":22,"183":0,"185":22,"201":17,"202":17,"204":15,"206":13,"207":13,"208":1,"209":1,"216":12,"217":10,"218":10,"219":10,"220":10,"221":10,"222":10,"223":0,"225":10,"226":10,"227":0,"229":10,"231":10,"232":8,"233":8,"238":11,"242":10,"246":10,"247":10,"248":10,"249":10,"250":10,"252":10,"253":10,"254":10,"255":10,"256":10,"269":18,"270":18,"281":7,"282":7,"284":7,"285":7,"287":7,"288":7,"292":7,"293":5,"294":3,"295":1,"306":4,"307":4,"308":3,"309":3,"311":2,"312":2,"313":2,"318":3,"320":3,"322":3,"324":3,"325":3,"326":3,"327":3},"path":"/home/ajs/gsn/ajs/tabookey-gasless/contracts/RelayHub.sol","s":{"1":19,"2":19,"3":19,"4":0,"5":8,"6":6,"7":6,"8":6,"9":2,"10":2,"11":2,"12":5,"13":0,"14":0,"15":12,"16":12,"17":10,"18":10,"19":10,"20":10,"21":10,"22":10,"23":10,"24":10,"25":7,"26":4,"27":4,"28":4,"29":4,"30":9,"31":9,"32":9,"33":7,"34":7,"35":7,"36":7,"37":6,"38":4,"39":4,"40":1,"41":4,"42":23,"43":23,"44":23,"45":23,"46":1,"47":22,"48":0,"49":22,"50":22,"51":22,"52":22,"53":0,"54":22,"55":17,"56":17,"57":15,"58":13,"59":13,"60":1,"61":1,"62":12,"63":10,"64":10,"65":10,"66":10,"67":0,"68":10,"69":10,"70":0,"71":10,"72":10,"73":8,"74":8,"75":11,"76":10,"77":10,"78":10,"79":10,"80":10,"81":10,"82":10,"83":10,"84":10,"85":18,"86":18,"87":7,"88":7,"89":7,"90":7,"91":7,"92":7,"93":7,"94":5,"95":3,"96":1,"97":4,"98":4,"99":3,"100":3,"101":2,"102":2,"103":2,"104":3,"105":3,"106":3,"107":3,"108":3,"109":3,"110":3},"b":{"1":[19,0],"2":[19,0],"3":[19,0],"4":[6,2],"5":[6,0],"6":[2,0],"7":[12,0],"8":[10,2],"9":[10,0],"10":[10,0],"11":[4,0],"12":[4,0],"13":[9,0],"14":[7,2],"15":[4,2],"16":[1,3],"17":[1,22],"18":[0,22],"19":[0,22],"20":[15,2],"21":[13,2],"22":[1,12],"23":[10,2],"24":[0,10],"25":[0,10],"26":[8,2],"27":[10,0],"28":[10,0],"29":[10,0],"30":[5,2],"31":[3,2],"32":[1,2],"33":[3,1],"34":[1,2],"35":[3,0],"36":[3,0]},"f":{"1":19,"2":0,"3":8,"4":2,"5":5,"6":0,"7":0,"8":12,"9":7,"10":4,"11":9,"12":6,"13":23,"14":22,"15":17,"16":11,"17":10,"18":18,"19":7,"20":4,"21":3},"fnMap":{"1":{"name":"validateStake","line":46,"loc":{"start":{"line":46,"column":4},"end":{"line":46,"column":52}}},"2":{"name":"getNonce","line":52,"loc":{"start":{"line":52,"column":4},"end":{"line":52,"column":62}}},"3":{"name":"depositFor","line":63,"loc":{"start":{"line":63,"column":4},"end":{"line":63,"column":52}}},"4":{"name":"withdraw","line":77,"loc":{"start":{"line":77,"column":4},"end":{"line":77,"column":39}}},"5":{"name":"balanceOf","line":85,"loc":{"start":{"line":85,"column":4},"end":{"line":85,"column":68}}},"6":{"name":"stakeOf","line":89,"loc":{"start":{"line":89,"column":4},"end":{"line":89,"column":65}}},"7":{"name":"ownerOf","line":93,"loc":{"start":{"line":93,"column":4},"end":{"line":93,"column":65}}},"8":{"name":"stake","line":98,"loc":{"start":{"line":98,"column":4},"end":{"line":98,"column":67}}},"9":{"name":"canUnstake","line":114,"loc":{"start":{"line":114,"column":4},"end":{"line":114,"column":63}}},"10":{"name":"unstake","line":119,"loc":{"start":{"line":119,"column":4},"end":{"line":119,"column":40}}},"11":{"name":"registerRelay","line":128,"loc":{"start":{"line":128,"column":4},"end":{"line":128,"column":71}}},"12":{"name":"removeRelayByOwner","line":143,"loc":{"start":{"line":143,"column":4},"end":{"line":143,"column":51}}},"13":{"name":"canRelay","line":158,"loc":{"start":{"line":158,"column":4},"end":{"line":158,"column":211}}},"14":{"name":"handleAcceptRelayCall","line":173,"loc":{"start":{"line":173,"column":4},"end":{"line":173,"column":116}}},"15":{"name":"relayCall","line":200,"loc":{"start":{"line":200,"column":4},"end":{"line":200,"column":169}}},"16":{"name":"emitTransactionRelayed","line":237,"loc":{"start":{"line":237,"column":4},"end":{"line":237,"column":140}}},"17":{"name":"recipientCalls","line":241,"loc":{"start":{"line":241,"column":4},"end":{"line":241,"column":179}}},"18":{"name":"decodeTransaction","line":268,"loc":{"start":{"line":268,"column":4},"end":{"line":268,"column":111}}},"19":{"name":"penalizeRepeatedNonce","line":274,"loc":{"start":{"line":274,"column":4},"end":{"line":274,"column":129}}},"20":{"name":"penalizeIllegalTransaction","line":298,"loc":{"start":{"line":298,"column":4},"end":{"line":298,"column":89}}},"21":{"name":"penalizeInternal","line":316,"loc":{"start":{"line":316,"column":4},"end":{"line":316,"column":50}}}},"statementMap":{"1":{"start":{"line":47,"column":8},"end":{"line":47,"column":119}},"2":{"start":{"line":48,"column":8},"end":{"line":48,"column":79}},"3":{"start":{"line":49,"column":8},"end":{"line":49,"column":93}},"4":{"start":{"line":53,"column":8},"end":{"line":53,"column":27}},"5":{"start":{"line":64,"column":8},"end":{"line":64,"column":60}},"6":{"start":{"line":65,"column":8},"end":{"line":65,"column":36}},"7":{"start":{"line":66,"column":8},"end":{"line":66,"column":45}},"8":{"start":{"line":67,"column":8},"end":{"line":67,"column":41}},"9":{"start":{"line":78,"column":8},"end":{"line":78,"column":68}},"10":{"start":{"line":79,"column":8},"end":{"line":79,"column":37}},"11":{"start":{"line":81,"column":8},"end":{"line":81,"column":42}},"12":{"start":{"line":86,"column":8},"end":{"line":86,"column":31}},"13":{"start":{"line":90,"column":8},"end":{"line":90,"column":34}},"14":{"start":{"line":94,"column":8},"end":{"line":94,"column":34}},"15":{"start":{"line":100,"column":8},"end":{"line":100,"column":99}},"16":{"start":{"line":101,"column":8},"end":{"line":101,"column":68}},"17":{"start":{"line":102,"column":8},"end":{"line":102,"column":39}},"18":{"start":{"line":103,"column":8},"end":{"line":103,"column":39}},"19":{"start":{"line":105,"column":8},"end":{"line":105,"column":94}},"20":{"start":{"line":106,"column":8},"end":{"line":106,"column":4526}},"21":{"start":{"line":107,"column":12},"end":{"line":107,"column":45}},"22":{"start":{"line":109,"column":8},"end":{"line":109,"column":48}},"23":{"start":{"line":110,"column":8},"end":{"line":110,"column":27}},"24":{"start":{"line":111,"column":8},"end":{"line":111,"column":37}},"25":{"start":{"line":115,"column":8},"end":{"line":115,"column":80}},"26":{"start":{"line":120,"column":8},"end":{"line":120,"column":54}},"27":{"start":{"line":121,"column":8},"end":{"line":121,"column":62}},"28":{"start":{"line":122,"column":8},"end":{"line":122,"column":40}},"29":{"start":{"line":125,"column":8},"end":{"line":125,"column":36}},"30":{"start":{"line":133,"column":8},"end":{"line":133,"column":32}},"31":{"start":{"line":134,"column":8},"end":{"line":134,"column":87}},"32":{"start":{"line":135,"column":8},"end":{"line":135,"column":78}},"33":{"start":{"line":136,"column":8},"end":{"line":136,"column":41}},"34":{"start":{"line":138,"column":8},"end":{"line":138,"column":50}},"35":{"start":{"line":139,"column":8},"end":{"line":139,"column":57}},"36":{"start":{"line":140,"column":8},"end":{"line":140,"column":141}},"37":{"start":{"line":144,"column":8},"end":{"line":144,"column":62}},"38":{"start":{"line":145,"column":8},"end":{"line":145,"column":67}},"39":{"start":{"line":147,"column":8},"end":{"line":147,"column":6407}},"40":{"start":{"line":148,"column":12},"end":{"line":148,"column":46}},"41":{"start":{"line":150,"column":8},"end":{"line":150,"column":59}},"42":{"start":{"line":159,"column":8},"end":{"line":159,"column":138}},"43":{"start":{"line":160,"column":8},"end":{"line":160,"column":73}},"44":{"start":{"line":161,"column":8},"end":{"line":161,"column":109}},"45":{"start":{"line":162,"column":8},"end":{"line":162,"column":7573}},"46":{"start":{"line":163,"column":12},"end":{"line":163,"column":54}},"47":{"start":{"line":165,"column":8},"end":{"line":165,"column":7797}},"48":{"start":{"line":166,"column":12},"end":{"line":166,"column":50}},"49":{"start":{"line":169,"column":8},"end":{"line":169,"column":164}},"50":{"start":{"line":170,"column":8},"end":{"line":170,"column":64}},"51":{"start":{"line":175,"column":8},"end":{"line":175,"column":70}},"52":{"start":{"line":182,"column":8},"end":{"line":182,"column":8848}},"53":{"start":{"line":183,"column":12},"end":{"line":183,"column":65}},"54":{"start":{"line":185,"column":8},"end":{"line":185,"column":21}},"55":{"start":{"line":201,"column":8},"end":{"line":201,"column":34}},"56":{"start":{"line":202,"column":8},"end":{"line":202,"column":77}},"57":{"start":{"line":204,"column":8},"end":{"line":204,"column":60}},"58":{"start":{"line":206,"column":8},"end":{"line":206,"column":146}},"59":{"start":{"line":207,"column":8},"end":{"line":207,"column":10234}},"60":{"start":{"line":208,"column":12},"end":{"line":208,"column":113}},"61":{"start":{"line":209,"column":12},"end":{"line":209,"column":18}},"62":{"start":{"line":216,"column":8},"end":{"line":216,"column":88}},"63":{"start":{"line":218,"column":8},"end":{"line":218,"column":39}},"64":{"start":{"line":219,"column":8},"end":{"line":219,"column":177}},"65":{"start":{"line":221,"column":8},"end":{"line":221,"column":50}},"66":{"start":{"line":222,"column":8},"end":{"line":222,"column":11137}},"67":{"start":{"line":223,"column":12},"end":{"line":223,"column":53}},"68":{"start":{"line":225,"column":8},"end":{"line":225,"column":101}},"69":{"start":{"line":226,"column":8},"end":{"line":226,"column":11396}},"70":{"start":{"line":227,"column":12},"end":{"line":227,"column":121}},"71":{"start":{"line":229,"column":12},"end":{"line":229,"column":94}},"72":{"start":{"line":231,"column":8},"end":{"line":231,"column":60}},"73":{"start":{"line":232,"column":8},"end":{"line":232,"column":29}},"74":{"start":{"line":233,"column":8},"end":{"line":233,"column":51}},"75":{"start":{"line":238,"column":8},"end":{"line":238,"column":106}},"76":{"start":{"line":242,"column":8},"end":{"line":242,"column":86}},"77":{"start":{"line":246,"column":8},"end":{"line":246,"column":73}},"78":{"start":{"line":249,"column":8},"end":{"line":249,"column":40}},"79":{"start":{"line":250,"column":8},"end":{"line":250,"column":54}},"80":{"start":{"line":252,"column":8},"end":{"line":252,"column":188}},"81":{"start":{"line":253,"column":8},"end":{"line":253,"column":88}},"82":{"start":{"line":254,"column":8},"end":{"line":254,"column":91}},"83":{"start":{"line":255,"column":8},"end":{"line":255,"column":99}},"84":{"start":{"line":256,"column":8},"end":{"line":256,"column":22}},"85":{"start":{"line":269,"column":8},"end":{"line":269,"column":169}},"86":{"start":{"line":270,"column":8},"end":{"line":270,"column":26}},"87":{"start":{"line":281,"column":8},"end":{"line":281,"column":69}},"88":{"start":{"line":282,"column":8},"end":{"line":282,"column":69}},"89":{"start":{"line":284,"column":8},"end":{"line":284,"column":63}},"90":{"start":{"line":285,"column":8},"end":{"line":285,"column":118}},"91":{"start":{"line":287,"column":8},"end":{"line":287,"column":63}},"92":{"start":{"line":288,"column":8},"end":{"line":288,"column":118}},"93":{"start":{"line":292,"column":8},"end":{"line":292,"column":71}},"94":{"start":{"line":293,"column":8},"end":{"line":293,"column":50}},"95":{"start":{"line":294,"column":8},"end":{"line":294,"column":128}},"96":{"start":{"line":295,"column":8},"end":{"line":295,"column":30}},"97":{"start":{"line":306,"column":8},"end":{"line":306,"column":69}},"98":{"start":{"line":307,"column":8},"end":{"line":307,"column":16533}},"99":{"start":{"line":308,"column":12},"end":{"line":308,"column":67}},"100":{"start":{"line":309,"column":12},"end":{"line":309,"column":125}},"101":{"start":{"line":311,"column":8},"end":{"line":311,"column":62}},"102":{"start":{"line":312,"column":8},"end":{"line":312,"column":116}},"103":{"start":{"line":313,"column":8},"end":{"line":313,"column":29}},"104":{"start":{"line":318,"column":8},"end":{"line":318,"column":57}},"105":{"start":{"line":320,"column":8},"end":{"line":320,"column":81}},"106":{"start":{"line":322,"column":8},"end":{"line":322,"column":40}},"107":{"start":{"line":324,"column":8},"end":{"line":324,"column":39}},"108":{"start":{"line":325,"column":8},"end":{"line":325,"column":44}},"109":{"start":{"line":326,"column":8},"end":{"line":326,"column":49}},"110":{"start":{"line":327,"column":8},"end":{"line":327,"column":32}}},"branchMap":{"1":{"line":47,"type":"if","locations":[{"start":{"line":47,"column":8},"end":{"line":47,"column":8}},{"start":{"line":47,"column":8},"end":{"line":47,"column":8}}]},"2":{"line":48,"type":"if","locations":[{"start":{"line":48,"column":8},"end":{"line":48,"column":8}},{"start":{"line":48,"column":8},"end":{"line":48,"column":8}}]},"3":{"line":49,"type":"if","locations":[{"start":{"line":49,"column":8},"end":{"line":49,"column":8}},{"start":{"line":49,"column":8},"end":{"line":49,"column":8}}]},"4":{"line":64,"type":"if","locations":[{"start":{"line":64,"column":8},"end":{"line":64,"column":8}},{"start":{"line":64,"column":8},"end":{"line":64,"column":8}}]},"5":{"line":66,"type":"if","locations":[{"start":{"line":66,"column":8},"end":{"line":66,"column":8}},{"start":{"line":66,"column":8},"end":{"line":66,"column":8}}]},"6":{"line":78,"type":"if","locations":[{"start":{"line":78,"column":8},"end":{"line":78,"column":8}},{"start":{"line":78,"column":8},"end":{"line":78,"column":8}}]},"7":{"line":100,"type":"if","locations":[{"start":{"line":100,"column":8},"end":{"line":100,"column":8}},{"start":{"line":100,"column":8},"end":{"line":100,"column":8}}]},"8":{"line":101,"type":"if","locations":[{"start":{"line":101,"column":8},"end":{"line":101,"column":8}},{"start":{"line":101,"column":8},"end":{"line":101,"column":8}}]},"9":{"line":105,"type":"if","locations":[{"start":{"line":105,"column":8},"end":{"line":105,"column":8}},{"start":{"line":105,"column":8},"end":{"line":105,"column":8}}]},"10":{"line":106,"type":"if","locations":[{"start":{"line":106,"column":8},"end":{"line":106,"column":8}},{"start":{"line":106,"column":8},"end":{"line":106,"column":8}}]},"11":{"line":120,"type":"if","locations":[{"start":{"line":120,"column":8},"end":{"line":120,"column":8}},{"start":{"line":120,"column":8},"end":{"line":120,"column":8}}]},"12":{"line":121,"type":"if","locations":[{"start":{"line":121,"column":8},"end":{"line":121,"column":8}},{"start":{"line":121,"column":8},"end":{"line":121,"column":8}}]},"13":{"line":134,"type":"if","locations":[{"start":{"line":134,"column":8},"end":{"line":134,"column":8}},{"start":{"line":134,"column":8},"end":{"line":134,"column":8}}]},"14":{"line":135,"type":"if","locations":[{"start":{"line":135,"column":8},"end":{"line":135,"column":8}},{"start":{"line":135,"column":8},"end":{"line":135,"column":8}}]},"15":{"line":144,"type":"if","locations":[{"start":{"line":144,"column":8},"end":{"line":144,"column":8}},{"start":{"line":144,"column":8},"end":{"line":144,"column":8}}]},"16":{"line":147,"type":"if","locations":[{"start":{"line":147,"column":8},"end":{"line":147,"column":8}},{"start":{"line":147,"column":8},"end":{"line":147,"column":8}}]},"17":{"line":162,"type":"if","locations":[{"start":{"line":162,"column":8},"end":{"line":162,"column":8}},{"start":{"line":162,"column":8},"end":{"line":162,"column":8}}]},"18":{"line":165,"type":"if","locations":[{"start":{"line":165,"column":8},"end":{"line":165,"column":8}},{"start":{"line":165,"column":8},"end":{"line":165,"column":8}}]},"19":{"line":182,"type":"if","locations":[{"start":{"line":182,"column":8},"end":{"line":182,"column":8}},{"start":{"line":182,"column":8},"end":{"line":182,"column":8}}]},"20":{"line":202,"type":"if","locations":[{"start":{"line":202,"column":8},"end":{"line":202,"column":8}},{"start":{"line":202,"column":8},"end":{"line":202,"column":8}}]},"21":{"line":204,"type":"if","locations":[{"start":{"line":204,"column":8},"end":{"line":204,"column":8}},{"start":{"line":204,"column":8},"end":{"line":204,"column":8}}]},"22":{"line":207,"type":"if","locations":[{"start":{"line":207,"column":8},"end":{"line":207,"column":8}},{"start":{"line":207,"column":8},"end":{"line":207,"column":8}}]},"23":{"line":216,"type":"if","locations":[{"start":{"line":216,"column":8},"end":{"line":216,"column":8}},{"start":{"line":216,"column":8},"end":{"line":216,"column":8}}]},"24":{"line":222,"type":"if","locations":[{"start":{"line":222,"column":8},"end":{"line":222,"column":8}},{"start":{"line":222,"column":8},"end":{"line":222,"column":8}}]},"25":{"line":226,"type":"if","locations":[{"start":{"line":226,"column":8},"end":{"line":226,"column":8}},{"start":{"line":226,"column":8},"end":{"line":226,"column":8}}]},"26":{"line":231,"type":"if","locations":[{"start":{"line":231,"column":8},"end":{"line":231,"column":8}},{"start":{"line":231,"column":8},"end":{"line":231,"column":8}}]},"27":{"line":242,"type":"if","locations":[{"start":{"line":242,"column":8},"end":{"line":242,"column":8}},{"start":{"line":242,"column":8},"end":{"line":242,"column":8}}]},"28":{"line":254,"type":"if","locations":[{"start":{"line":254,"column":8},"end":{"line":254,"column":8}},{"start":{"line":254,"column":8},"end":{"line":254,"column":8}}]},"29":{"line":255,"type":"if","locations":[{"start":{"line":255,"column":8},"end":{"line":255,"column":8}},{"start":{"line":255,"column":8},"end":{"line":255,"column":8}}]},"30":{"line":292,"type":"if","locations":[{"start":{"line":292,"column":8},"end":{"line":292,"column":8}},{"start":{"line":292,"column":8},"end":{"line":292,"column":8}}]},"31":{"line":293,"type":"if","locations":[{"start":{"line":293,"column":8},"end":{"line":293,"column":8}},{"start":{"line":293,"column":8},"end":{"line":293,"column":8}}]},"32":{"line":294,"type":"if","locations":[{"start":{"line":294,"column":8},"end":{"line":294,"column":8}},{"start":{"line":294,"column":8},"end":{"line":294,"column":8}}]},"33":{"line":307,"type":"if","locations":[{"start":{"line":307,"column":8},"end":{"line":307,"column":8}},{"start":{"line":307,"column":8},"end":{"line":307,"column":8}}]},"34":{"line":309,"type":"if","locations":[{"start":{"line":309,"column":12},"end":{"line":309,"column":12}},{"start":{"line":309,"column":12},"end":{"line":309,"column":12}}]},"35":{"line":318,"type":"if","locations":[{"start":{"line":318,"column":8},"end":{"line":318,"column":8}},{"start":{"line":318,"column":8},"end":{"line":318,"column":8}}]},"36":{"line":320,"type":"if","locations":[{"start":{"line":320,"column":8},"end":{"line":320,"column":8}},{"start":{"line":320,"column":8},"end":{"line":320,"column":8}}]}}},"contracts/RelayRecipient.sol":{"l":{"19":13,"30":3,"31":3,"37":3,"40":3,"44":10,"52":3,"56":13,"57":13,"60":10,"62":13,"66":13,"70":0,"71":0,"74":0,"75":0,"77":0,"80":0},"path":"/home/ajs/gsn/ajs/tabookey-gasless/contracts/RelayRecipient.sol","s":{"1":13,"2":3,"3":3,"4":3,"5":3,"6":10,"7":3,"8":13,"9":13,"10":10,"11":13,"12":13,"13":0,"14":0,"15":0,"16":0,"17":0,"18":0},"b":{"1":[3,0],"2":[10,3],"3":[0,0]},"f":{"1":13,"2":3,"3":3,"4":10,"5":3,"6":13,"7":13,"8":0},"fnMap":{"1":{"name":"getHubAddr","line":18,"loc":{"start":{"line":18,"column":4},"end":{"line":18,"column":53}}},"2":{"name":"initRelayHub","line":29,"loc":{"start":{"line":29,"column":4},"end":{"line":29,"column":49}}},"3":{"name":"setRelayHub","line":34,"loc":{"start":{"line":34,"column":4},"end":{"line":34,"column":48}}},"4":{"name":"getRelayHub","line":43,"loc":{"start":{"line":43,"column":4},"end":{"line":43,"column":58}}},"5":{"name":"getRecipientBalance","line":51,"loc":{"start":{"line":51,"column":4},"end":{"line":51,"column":59}}},"6":{"name":"getSenderFromData","line":55,"loc":{"start":{"line":55,"column":4},"end":{"line":55,"column":100}}},"7":{"name":"getSender","line":65,"loc":{"start":{"line":65,"column":4},"end":{"line":65,"column":52}}},"8":{"name":"getMessageData","line":69,"loc":{"start":{"line":69,"column":4},"end":{"line":69,"column":62}}}},"statementMap":{"1":{"start":{"line":19,"column":8},"end":{"line":19,"column":32}},"2":{"start":{"line":30,"column":8},"end":{"line":30,"column":74}},"3":{"start":{"line":31,"column":8},"end":{"line":31,"column":25}},"4":{"start":{"line":37,"column":8},"end":{"line":37,"column":23}},"5":{"start":{"line":40,"column":8},"end":{"line":40,"column":28}},"6":{"start":{"line":44,"column":8},"end":{"line":44,"column":23}},"7":{"start":{"line":52,"column":8},"end":{"line":52,"column":53}},"8":{"start":{"line":56,"column":8},"end":{"line":56,"column":34}},"9":{"start":{"line":57,"column":8},"end":{"line":57,"column":2420}},"10":{"start":{"line":60,"column":12},"end":{"line":60,"column":70}},"11":{"start":{"line":62,"column":8},"end":{"line":62,"column":21}},"12":{"start":{"line":66,"column":8},"end":{"line":66,"column":54}},"13":{"start":{"line":70,"column":8},"end":{"line":70,"column":42}},"14":{"start":{"line":71,"column":8},"end":{"line":71,"column":3024}},"15":{"start":{"line":74,"column":12},"end":{"line":74,"column":56}},"16":{"start":{"line":75,"column":12},"end":{"line":75,"column":3359}},"17":{"start":{"line":77,"column":16},"end":{"line":77,"column":43}},"18":{"start":{"line":80,"column":8},"end":{"line":80,"column":26}}},"branchMap":{"1":{"line":30,"type":"if","locations":[{"start":{"line":30,"column":8},"end":{"line":30,"column":8}},{"start":{"line":30,"column":8},"end":{"line":30,"column":8}}]},"2":{"line":57,"type":"if","locations":[{"start":{"line":57,"column":8},"end":{"line":57,"column":8}},{"start":{"line":57,"column":8},"end":{"line":57,"column":8}}]},"3":{"line":71,"type":"if","locations":[{"start":{"line":71,"column":8},"end":{"line":71,"column":8}},{"start":{"line":71,"column":8},"end":{"line":71,"column":8}}]}}},"contracts/RLPReader.sol":{"l":{"31":18,"32":18,"39":18,"40":0,"41":18,"42":18,"45":18,"51":18,"52":18,"53":18,"54":18,"55":18,"56":18,"57":108,"58":108,"59":108,"67":18,"68":18,"69":18,"72":18,"73":0,"74":18,"78":18,"79":18,"80":18,"81":18,"82":108,"84":108,"86":18,"90":216,"91":216,"94":216,"95":72,"98":110,"101":34,"110":0,"113":0,"123":144,"124":144,"127":144,"128":36,"131":55,"134":17,"137":36,"143":0,"144":0,"145":0,"148":0,"149":0,"153":0,"154":0,"155":0,"156":0,"159":0,"164":18,"165":18,"169":90,"170":90,"171":90,"172":90,"173":90,"176":90,"180":18,"181":18,"183":18,"184":18,"185":18,"188":18,"189":18,"198":18,"199":196,"202":196,"203":196,"206":18,"207":18},"path":"/home/ajs/gsn/ajs/tabookey-gasless/contracts/RLPReader.sol","s":{"1":18,"2":18,"3":18,"4":0,"5":18,"6":18,"7":18,"8":18,"9":18,"10":18,"11":108,"12":108,"13":108,"14":18,"15":18,"16":0,"17":18,"18":18,"19":18,"20":18,"21":18,"22":108,"23":18,"24":216,"25":72,"26":144,"27":110,"28":34,"29":0,"30":0,"31":144,"32":36,"33":108,"34":55,"35":53,"36":17,"37":36,"38":0,"39":0,"40":0,"41":0,"42":0,"43":0,"44":18,"45":18,"46":90,"47":90,"48":90,"49":90,"50":18,"51":18,"52":18,"53":18,"54":18,"55":18,"56":196,"57":196,"58":18},"b":{"1":[0,18],"2":[18,0],"3":[0,18],"4":[72,144],"5":[110,34],"6":[34,0],"7":[0,0],"8":[36,108],"9":[55,53],"10":[17,36],"11":[0,0],"12":[18,0]},"f":{"1":18,"2":18,"3":18,"4":18,"5":18,"6":216,"7":144,"8":0,"9":0,"10":18,"11":90,"12":18,"13":18},"fnMap":{"1":{"name":"decodeTransaction","line":30,"loc":{"start":{"line":30,"column":4},"end":{"line":30,"column":124}}},"2":{"name":"toRlpItem","line":38,"loc":{"start":{"line":38,"column":4},"end":{"line":38,"column":78}}},"3":{"name":"toList","line":50,"loc":{"start":{"line":50,"column":4},"end":{"line":50,"column":86}}},"4":{"name":"isList","line":66,"loc":{"start":{"line":66,"column":4},"end":{"line":66,"column":67}}},"5":{"name":"numItems","line":77,"loc":{"start":{"line":77,"column":4},"end":{"line":77,"column":69}}},"6":{"name":"_itemLength","line":89,"loc":{"start":{"line":89,"column":4},"end":{"line":89,"column":68}}},"7":{"name":"_payloadOffset","line":122,"loc":{"start":{"line":122,"column":4},"end":{"line":122,"column":67}}},"8":{"name":"toRlpBytes","line":142,"loc":{"start":{"line":142,"column":4},"end":{"line":142,"column":79}}},"9":{"name":"toBoolean","line":152,"loc":{"start":{"line":152,"column":4},"end":{"line":152,"column":70}}},"10":{"name":"toAddress","line":162,"loc":{"start":{"line":162,"column":4},"end":{"line":162,"column":73}}},"11":{"name":"toUint","line":168,"loc":{"start":{"line":168,"column":4},"end":{"line":168,"column":67}}},"12":{"name":"toBytes","line":179,"loc":{"start":{"line":179,"column":4},"end":{"line":179,"column":76}}},"13":{"name":"copy","line":196,"loc":{"start":{"line":196,"column":4},"end":{"line":196,"column":60}}}},"statementMap":{"1":{"start":{"line":31,"column":8},"end":{"line":31,"column":78}},"2":{"start":{"line":32,"column":8},"end":{"line":32,"column":139}},"3":{"start":{"line":39,"column":8},"end":{"line":39,"column":1275}},"4":{"start":{"line":40,"column":12},"end":{"line":40,"column":32}},"5":{"start":{"line":45,"column":8},"end":{"line":45,"column":43}},"6":{"start":{"line":51,"column":8},"end":{"line":51,"column":45}},"7":{"start":{"line":52,"column":8},"end":{"line":52,"column":34}},"8":{"start":{"line":53,"column":8},"end":{"line":53,"column":36}},"9":{"start":{"line":54,"column":8},"end":{"line":54,"column":62}},"10":{"start":{"line":56,"column":8},"end":{"line":56,"column":1814}},"11":{"start":{"line":57,"column":12},"end":{"line":57,"column":40}},"12":{"start":{"line":58,"column":12},"end":{"line":58,"column":47}},"13":{"start":{"line":59,"column":12},"end":{"line":59,"column":36}},"14":{"start":{"line":68,"column":8},"end":{"line":68,"column":32}},"15":{"start":{"line":72,"column":8},"end":{"line":72,"column":2348}},"16":{"start":{"line":73,"column":12},"end":{"line":73,"column":24}},"17":{"start":{"line":74,"column":8},"end":{"line":74,"column":19}},"18":{"start":{"line":78,"column":8},"end":{"line":78,"column":21}},"19":{"start":{"line":79,"column":8},"end":{"line":79,"column":63}},"20":{"start":{"line":80,"column":8},"end":{"line":80,"column":43}},"21":{"start":{"line":81,"column":8},"end":{"line":81,"column":2696}},"22":{"start":{"line":82,"column":12},"end":{"line":82,"column":51}},"23":{"start":{"line":86,"column":8},"end":{"line":86,"column":20}},"24":{"start":{"line":94,"column":8},"end":{"line":94,"column":3086}},"25":{"start":{"line":95,"column":12},"end":{"line":95,"column":20}},"26":{"start":{"line":97,"column":13},"end":{"line":97,"column":3165}},"27":{"start":{"line":98,"column":12},"end":{"line":98,"column":49}},"28":{"start":{"line":100,"column":13},"end":{"line":100,"column":3272}},"29":{"start":{"line":109,"column":13},"end":{"line":109,"column":3716}},"30":{"start":{"line":110,"column":12},"end":{"line":110,"column":47}},"31":{"start":{"line":127,"column":8},"end":{"line":127,"column":4353}},"32":{"start":{"line":128,"column":12},"end":{"line":128,"column":20}},"33":{"start":{"line":130,"column":13},"end":{"line":130,"column":4432}},"34":{"start":{"line":131,"column":12},"end":{"line":131,"column":20}},"35":{"start":{"line":133,"column":13},"end":{"line":133,"column":4568}},"36":{"start":{"line":134,"column":12},"end":{"line":134,"column":54}},"37":{"start":{"line":137,"column":12},"end":{"line":137,"column":52}},"38":{"start":{"line":143,"column":8},"end":{"line":143,"column":48}},"39":{"start":{"line":148,"column":8},"end":{"line":148,"column":39}},"40":{"start":{"line":149,"column":8},"end":{"line":149,"column":21}},"41":{"start":{"line":153,"column":8},"end":{"line":153,"column":80}},"42":{"start":{"line":155,"column":8},"end":{"line":155,"column":32}},"43":{"start":{"line":159,"column":8},"end":{"line":159,"column":41}},"44":{"start":{"line":164,"column":8},"end":{"line":164,"column":92}},"45":{"start":{"line":165,"column":8},"end":{"line":165,"column":36}},"46":{"start":{"line":169,"column":8},"end":{"line":169,"column":48}},"47":{"start":{"line":170,"column":8},"end":{"line":170,"column":35}},"48":{"start":{"line":171,"column":8},"end":{"line":171,"column":41}},"49":{"start":{"line":176,"column":8},"end":{"line":176,"column":21}},"50":{"start":{"line":180,"column":8},"end":{"line":180,"column":48}},"51":{"start":{"line":181,"column":8},"end":{"line":181,"column":35}},"52":{"start":{"line":183,"column":8},"end":{"line":183,"column":43}},"53":{"start":{"line":188,"column":8},"end":{"line":188,"column":47}},"54":{"start":{"line":189,"column":8},"end":{"line":189,"column":21}},"55":{"start":{"line":198,"column":8},"end":{"line":198,"column":6829}},"56":{"start":{"line":202,"column":12},"end":{"line":202,"column":27}},"57":{"start":{"line":203,"column":12},"end":{"line":203,"column":28}},"58":{"start":{"line":206,"column":8},"end":{"line":206,"column":47}}},"branchMap":{"1":{"line":39,"type":"if","locations":[{"start":{"line":39,"column":8},"end":{"line":39,"column":8}},{"start":{"line":39,"column":8},"end":{"line":39,"column":8}}]},"2":{"line":51,"type":"if","locations":[{"start":{"line":51,"column":8},"end":{"line":51,"column":8}},{"start":{"line":51,"column":8},"end":{"line":51,"column":8}}]},"3":{"line":72,"type":"if","locations":[{"start":{"line":72,"column":8},"end":{"line":72,"column":8}},{"start":{"line":72,"column":8},"end":{"line":72,"column":8}}]},"4":{"line":94,"type":"if","locations":[{"start":{"line":94,"column":8},"end":{"line":94,"column":8}},{"start":{"line":94,"column":8},"end":{"line":94,"column":8}}]},"5":{"line":97,"type":"if","locations":[{"start":{"line":97,"column":13},"end":{"line":97,"column":13}},{"start":{"line":97,"column":13},"end":{"line":97,"column":13}}]},"6":{"line":100,"type":"if","locations":[{"start":{"line":100,"column":13},"end":{"line":100,"column":13}},{"start":{"line":100,"column":13},"end":{"line":100,"column":13}}]},"7":{"line":109,"type":"if","locations":[{"start":{"line":109,"column":13},"end":{"line":109,"column":13}},{"start":{"line":109,"column":13},"end":{"line":109,"column":13}}]},"8":{"line":127,"type":"if","locations":[{"start":{"line":127,"column":8},"end":{"line":127,"column":8}},{"start":{"line":127,"column":8},"end":{"line":127,"column":8}}]},"9":{"line":130,"type":"if","locations":[{"start":{"line":130,"column":13},"end":{"line":130,"column":13}},{"start":{"line":130,"column":13},"end":{"line":130,"column":13}}]},"10":{"line":133,"type":"if","locations":[{"start":{"line":133,"column":13},"end":{"line":133,"column":13}},{"start":{"line":133,"column":13},"end":{"line":133,"column":13}}]},"11":{"line":153,"type":"if","locations":[{"start":{"line":153,"column":8},"end":{"line":153,"column":8}},{"start":{"line":153,"column":8},"end":{"line":153,"column":8}}]},"12":{"line":164,"type":"if","locations":[{"start":{"line":164,"column":8},"end":{"line":164,"column":8}},{"start":{"line":164,"column":8},"end":{"line":164,"column":8}}]}}},"contracts/SampleRecipient.sol":{"l":{"13":3,"17":3,"21":2,"22":2,"23":2,"28":2,"29":0,"37":13,"41":0,"47":1,"54":22,"55":22,"58":20,"60":20,"64":0,"65":0,"66":0,"69":0,"76":10},"path":"/home/ajs/gsn/ajs/tabookey-gasless/contracts/SampleRecipient.sol","s":{"1":3,"2":3,"3":2,"4":2,"5":2,"6":0,"7":13,"8":0,"9":1,"10":22,"11":0,"12":22,"13":2,"14":20,"15":20,"16":0,"17":0,"18":0,"19":0,"20":10},"b":{"1":[0,2],"2":[0,22],"3":[2,20],"4":[20,0],"5":[0,0]},"f":{"1":3,"2":3,"3":2,"4":2,"5":2,"6":13,"7":0,"8":1,"9":22,"10":10},"fnMap":{"1":{"name":"constructor","line":12,"loc":{"start":{"line":12,"column":4},"end":{"line":12,"column":36}}},"2":{"name":"deposit","line":16,"loc":{"start":{"line":16,"column":4},"end":{"line":16,"column":35}}},"3":{"name":"withdraw","line":20,"loc":{"start":{"line":20,"column":4},"end":{"line":20,"column":38}}},"4":{"name":"testRevert","line":27,"loc":{"start":{"line":27,"column":4},"end":{"line":27,"column":30}}},"5":{"name":"fallback","line":33,"loc":{"start":{"line":33,"column":4},"end":{"line":33,"column":30}}},"6":{"name":"emitMessage","line":36,"loc":{"start":{"line":36,"column":4},"end":{"line":36,"column":52}}},"7":{"name":"setRelay","line":40,"loc":{"start":{"line":40,"column":4},"end":{"line":40,"column":50}}},"8":{"name":"setBlacklisted","line":46,"loc":{"start":{"line":46,"column":4},"end":{"line":46,"column":46}}},"9":{"name":"acceptRelayedCall","line":50,"loc":{"start":{"line":50,"column":4},"end":{"line":50,"column":185}}},"10":{"name":"postRelayedCall","line":74,"loc":{"start":{"line":74,"column":4},"end":{"line":74,"column":158}}}},"statementMap":{"1":{"start":{"line":13,"column":8},"end":{"line":13,"column":25}},"2":{"start":{"line":17,"column":8},"end":{"line":17,"column":20}},"3":{"start":{"line":21,"column":8},"end":{"line":21,"column":60}},"4":{"start":{"line":22,"column":8},"end":{"line":22,"column":20}},"5":{"start":{"line":28,"column":8},"end":{"line":28,"column":60}},"6":{"start":{"line":29,"column":8},"end":{"line":29,"column":59}},"7":{"start":{"line":37,"column":8},"end":{"line":37,"column":80}},"8":{"start":{"line":41,"column":8},"end":{"line":41,"column":34}},"9":{"start":{"line":47,"column":8},"end":{"line":47,"column":25}},"10":{"start":{"line":54,"column":8},"end":{"line":54,"column":46}},"11":{"start":{"line":54,"column":38},"end":{"line":54,"column":46}},"12":{"start":{"line":55,"column":8},"end":{"line":55,"column":42}},"13":{"start":{"line":55,"column":33},"end":{"line":55,"column":42}},"14":{"start":{"line":58,"column":8},"end":{"line":58,"column":2161}},"15":{"start":{"line":60,"column":12},"end":{"line":60,"column":20}},"16":{"start":{"line":64,"column":8},"end":{"line":64,"column":64}},"17":{"start":{"line":65,"column":8},"end":{"line":65,"column":2430}},"18":{"start":{"line":66,"column":12},"end":{"line":66,"column":21}},"19":{"start":{"line":69,"column":2},"end":{"line":69,"column":10}},"20":{"start":{"line":76,"column":8},"end":{"line":76,"column":87}}},"branchMap":{"1":{"line":28,"type":"if","locations":[{"start":{"line":28,"column":8},"end":{"line":28,"column":8}},{"start":{"line":28,"column":8},"end":{"line":28,"column":8}}]},"2":{"line":54,"type":"if","locations":[{"start":{"line":54,"column":8},"end":{"line":54,"column":8}},{"start":{"line":54,"column":8},"end":{"line":54,"column":8}}]},"3":{"line":55,"type":"if","locations":[{"start":{"line":55,"column":8},"end":{"line":55,"column":8}},{"start":{"line":55,"column":8},"end":{"line":55,"column":8}}]},"4":{"line":58,"type":"if","locations":[{"start":{"line":58,"column":8},"end":{"line":58,"column":8}},{"start":{"line":58,"column":8},"end":{"line":58,"column":8}}]},"5":{"line":65,"type":"if","locations":[{"start":{"line":65,"column":8},"end":{"line":65,"column":8}},{"start":{"line":65,"column":8},"end":{"line":65,"column":8}}]}}},"contracts/TestRecipientUtils.sol":{"l":{"10":0,"14":2,"21":2,"25":1,"29":1,"32":1},"path":"/home/ajs/gsn/ajs/tabookey-gasless/contracts/TestRecipientUtils.sol","s":{"1":0,"2":2,"3":1,"4":1,"5":1},"b":{},"f":{"1":0,"2":2,"3":1,"4":2,"5":1,"6":1,"7":1},"fnMap":{"1":{"name":"testFunc","line":9,"loc":{"start":{"line":9,"column":4},"end":{"line":9,"column":70}}},"2":{"name":"registerAsRelay","line":13,"loc":{"start":{"line":13,"column":4},"end":{"line":13,"column":60}}},"3":{"name":"fallback","line":16,"loc":{"start":{"line":16,"column":4},"end":{"line":16,"column":29}}},"4":{"name":"getParam","line":20,"loc":{"start":{"line":20,"column":4},"end":{"line":20,"column":80}}},"5":{"name":"getMethodSig","line":24,"loc":{"start":{"line":24,"column":4},"end":{"line":24,"column":74}}},"6":{"name":"getBytesParam","line":28,"loc":{"start":{"line":28,"column":4},"end":{"line":28,"column":98}}},"7":{"name":"getStringParam","line":31,"loc":{"start":{"line":31,"column":4},"end":{"line":31,"column":95}}}},"statementMap":{"1":{"start":{"line":10,"column":8},"end":{"line":10,"column":21}},"2":{"start":{"line":21,"column":8},"end":{"line":21,"column":48}},"3":{"start":{"line":25,"column":8},"end":{"line":25,"column":45}},"4":{"start":{"line":29,"column":8},"end":{"line":29,"column":53}},"5":{"start":{"line":32,"column":8},"end":{"line":32,"column":54}}},"branchMap":{}}}