TN:
SF:/home/ajs/gsn/ajs/tabookey-gasless/contracts/ConvertLib.sol
FN:4,convert
FNF:1
FNH:0
FNDA:0,convert
DA:6,0
LF:1
LH:0
BRF:0
BRH:0
end_of_record
TN:
SF:/home/ajs/gsn/ajs/tabookey-gasless/contracts/GsnUtils.sol
FN:10,getMethodSig
FN:20,getParam
FN:30,getBytesParam
FN:36,getStringParam
FN:40,checkSig
FNF:5
FNH:5
FNDA:4,getMethodSig
FNDA:4,getParam
FNDA:2,getBytesParam
FNDA:1,getStringParam
FNDA:23,checkSig
DA:11,4
DA:21,4
DA:31,2
DA:32,2
DA:33,2
DA:37,1
DA:42,23
DA:43,23
DA:44,23
DA:45,23
LF:10
LH:10
BRF:0
BRH:0
end_of_record
TN:
SF:/home/ajs/gsn/ajs/tabookey-gasless/contracts/IRelayHub.sol
FNF:0
FNH:0
LF:0
LH:0
BRF:0
BRH:0
end_of_record
TN:
SF:/home/ajs/gsn/ajs/tabookey-gasless/contracts/IRelayRecipient.sol
FNF:0
FNH:0
LF:0
LH:0
BRF:0
BRH:0
end_of_record
TN:
SF:/home/ajs/gsn/ajs/tabookey-gasless/contracts/RelayHub.sol
FN:46,validateStake
FN:52,getNonce
FN:63,depositFor
FN:77,withdraw
FN:85,balanceOf
FN:89,stakeOf
FN:93,ownerOf
FN:98,stake
FN:114,canUnstake
FN:119,unstake
FN:128,registerRelay
FN:143,removeRelayByOwner
FN:158,canRelay
FN:173,handleAcceptRelayCall
FN:200,relayCall
FN:237,emitTransactionRelayed
FN:241,recipientCalls
FN:268,decodeTransaction
FN:274,penalizeRepeatedNonce
FN:298,penalizeIllegalTransaction
FN:316,penalizeInternal
FNF:21
FNH:18
FNDA:19,validateStake
FNDA:0,getNonce
FNDA:8,depositFor
FNDA:2,withdraw
FNDA:5,balanceOf
FNDA:0,stakeOf
FNDA:0,ownerOf
FNDA:12,stake
FNDA:7,canUnstake
FNDA:4,unstake
FNDA:9,registerRelay
FNDA:6,removeRelayByOwner
FNDA:23,canRelay
FNDA:22,handleAcceptRelayCall
FNDA:17,relayCall
FNDA:11,emitTransactionRelayed
FNDA:10,recipientCalls
FNDA:18,decodeTransaction
FNDA:7,penalizeRepeatedNonce
FNDA:4,penalizeIllegalTransaction
FNDA:3,penalizeInternal
DA:47,19
DA:48,19
DA:49,19
DA:53,0
DA:64,8
DA:65,6
DA:66,6
DA:67,6
DA:78,2
DA:79,2
DA:80,2
DA:81,2
DA:86,5
DA:90,0
DA:94,0
DA:100,12
DA:101,12
DA:102,10
DA:103,10
DA:105,10
DA:106,10
DA:107,10
DA:109,10
DA:110,10
DA:111,10
DA:115,7
DA:120,4
DA:121,4
DA:122,4
DA:123,4
DA:124,4
DA:125,4
DA:133,9
DA:134,9
DA:135,9
DA:136,7
DA:138,7
DA:139,7
DA:140,7
DA:144,6
DA:145,4
DA:147,4
DA:148,1
DA:150,4
DA:159,23
DA:160,23
DA:161,23
DA:162,23
DA:163,1
DA:165,22
DA:166,0
DA:169,22
DA:170,22
DA:174,22
DA:175,22
DA:176,22
DA:182,22
DA:183,0
DA:185,22
DA:201,17
DA:202,17
DA:204,15
DA:206,13
DA:207,13
DA:208,1
DA:209,1
DA:216,12
DA:217,10
DA:218,10
DA:219,10
DA:220,10
DA:221,10
DA:222,10
DA:223,0
DA:225,10
DA:226,10
DA:227,0
DA:229,10
DA:231,10
DA:232,8
DA:233,8
DA:238,11
DA:242,10
DA:246,10
DA:247,10
DA:248,10
DA:249,10
DA:250,10
DA:252,10
DA:253,10
DA:254,10
DA:255,10
DA:256,10
DA:269,18
DA:270,18
DA:281,7
DA:282,7
DA:284,7
DA:285,7
DA:287,7
DA:288,7
DA:292,7
DA:293,5
DA:294,3
DA:295,1
DA:306,4
DA:307,4
DA:308,3
DA:309,3
DA:311,2
DA:312,2
DA:313,2
DA:318,3
DA:320,3
DA:322,3
DA:324,3
DA:325,3
DA:326,3
DA:327,3
LF:119
LH:112
BRDA:47,1,0,19
BRDA:47,1,1,0
BRDA:48,2,0,19
BRDA:48,2,1,0
BRDA:49,3,0,19
BRDA:49,3,1,0
BRDA:64,4,0,6
BRDA:64,4,1,2
BRDA:66,5,0,6
BRDA:66,5,1,0
BRDA:78,6,0,2
BRDA:78,6,1,0
BRDA:100,7,0,12
BRDA:100,7,1,0
BRDA:101,8,0,10
BRDA:101,8,1,2
BRDA:105,9,0,10
BRDA:105,9,1,0
BRDA:106,10,0,10
BRDA:106,10,1,0
BRDA:120,11,0,4
BRDA:120,11,1,0
BRDA:121,12,0,4
BRDA:121,12,1,0
BRDA:134,13,0,9
BRDA:134,13,1,0
BRDA:135,14,0,7
BRDA:135,14,1,2
BRDA:144,15,0,4
BRDA:144,15,1,2
BRDA:147,16,0,1
BRDA:147,16,1,3
BRDA:162,17,0,1
BRDA:162,17,1,22
BRDA:165,18,0,0
BRDA:165,18,1,22
BRDA:182,19,0,0
BRDA:182,19,1,22
BRDA:202,20,0,15
BRDA:202,20,1,2
BRDA:204,21,0,13
BRDA:204,21,1,2
BRDA:207,22,0,1
BRDA:207,22,1,12
BRDA:216,23,0,10
BRDA:216,23,1,2
BRDA:222,24,0,0
BRDA:222,24,1,10
BRDA:226,25,0,0
BRDA:226,25,1,10
BRDA:231,26,0,8
BRDA:231,26,1,2
BRDA:242,27,0,10
BRDA:242,27,1,0
BRDA:254,28,0,10
BRDA:254,28,1,0
BRDA:255,29,0,10
BRDA:255,29,1,0
BRDA:292,30,0,5
BRDA:292,30,1,2
BRDA:293,31,0,3
BRDA:293,31,1,2
BRDA:294,32,0,1
BRDA:294,32,1,2
BRDA:307,33,0,3
BRDA:307,33,1,1
BRDA:309,34,0,1
BRDA:309,34,1,2
BRDA:318,35,0,3
BRDA:318,35,1,0
BRDA:320,36,0,3
BRDA:320,36,1,0
BRF:72
BRH:52
end_of_record
TN:
SF:/home/ajs/gsn/ajs/tabookey-gasless/contracts/RelayRecipient.sol
FN:18,getHubAddr
FN:29,initRelayHub
FN:34,setRelayHub
FN:43,getRelayHub
FN:51,getRecipientBalance
FN:55,getSenderFromData
FN:65,getSender
FN:69,getMessageData
FNF:8
FNH:7
FNDA:13,getHubAddr
FNDA:3,initRelayHub
FNDA:3,setRelayHub
FNDA:10,getRelayHub
FNDA:3,getRecipientBalance
FNDA:13,getSenderFromData
FNDA:13,getSender
FNDA:0,getMessageData
DA:19,13
DA:30,3
DA:31,3
DA:37,3
DA:40,3
DA:44,10
DA:52,3
DA:56,13
DA:57,13
DA:60,10
DA:62,13
DA:66,13
DA:70,0
DA:71,0
DA:74,0
DA:75,0
DA:77,0
DA:80,0
LF:18
LH:12
BRDA:30,1,0,3
BRDA:30,1,1,0
BRDA:57,2,0,10
BRDA:57,2,1,3
BRDA:71,3,0,0
BRDA:71,3,1,0
BRF:6
BRH:3
end_of_record
TN:
SF:/home/ajs/gsn/ajs/tabookey-gasless/contracts/RLPReader.sol
FN:30,decodeTransaction
FN:38,toRlpItem
FN:50,toList
FN:66,isList
FN:77,numItems
FN:89,_itemLength
FN:122,_payloadOffset
FN:142,toRlpBytes
FN:152,toBoolean
FN:162,toAddress
FN:168,toUint
FN:179,toBytes
FN:196,copy
FNF:13
FNH:11
FNDA:18,decodeTransaction
FNDA:18,toRlpItem
FNDA:18,toList
FNDA:18,isList
FNDA:18,numItems
FNDA:216,_itemLength
FNDA:144,_payloadOffset
FNDA:0,toRlpBytes
FNDA:0,toBoolean
FNDA:18,toAddress
FNDA:90,toUint
FNDA:18,toBytes
FNDA:18,copy
DA:31,18
DA:32,18
DA:39,18
DA:40,0
DA:41,18
DA:42,18
DA:45,18
DA:51,18
DA:52,18
DA:53,18
DA:54,18
DA:55,18
DA:56,18
DA:57,108
DA:58,108
DA:59,108
DA:67,18
DA:68,18
DA:69,18
DA:72,18
DA:73,0
DA:74,18
DA:78,18
DA:79,18
DA:80,18
DA:81,18
DA:82,108
DA:84,108
DA:86,18
DA:90,216
DA:91,216
DA:94,216
DA:95,72
DA:98,110
DA:101,34
DA:110,0
DA:113,0
DA:123,144
DA:124,144
DA:127,144
DA:128,36
DA:131,55
DA:134,17
DA:137,36
DA:143,0
DA:144,0
DA:145,0
DA:148,0
DA:149,0
DA:153,0
DA:154,0
DA:155,0
DA:156,0
DA:159,0
DA:164,18
DA:165,18
DA:169,90
DA:170,90
DA:171,90
DA:172,90
DA:173,90
DA:176,90
DA:180,18
DA:181,18
DA:183,18
DA:184,18
DA:185,18
DA:188,18
DA:189,18
DA:198,18
DA:199,196
DA:202,196
DA:203,196
DA:206,18
DA:207,18
LF:75
LH:61
BRDA:39,1,0,0
BRDA:39,1,1,18
BRDA:51,2,0,18
BRDA:51,2,1,0
BRDA:72,3,0,0
BRDA:72,3,1,18
BRDA:94,4,0,72
BRDA:94,4,1,144
BRDA:97,5,0,110
BRDA:97,5,1,34
BRDA:100,6,0,34
BRDA:100,6,1,0
BRDA:109,7,0,0
BRDA:109,7,1,0
BRDA:127,8,0,36
BRDA:127,8,1,108
BRDA:130,9,0,55
BRDA:130,9,1,53
BRDA:133,10,0,17
BRDA:133,10,1,36
BRDA:153,11,0,0
BRDA:153,11,1,0
BRDA:164,12,0,18
BRDA:164,12,1,0
BRF:24
BRH:15
end_of_record
TN:
SF:/home/ajs/gsn/ajs/tabookey-gasless/contracts/SampleRecipient.sol
FN:12,constructor
FN:16,deposit
FN:20,withdraw
FN:27,testRevert
FN:33,fallback
FN:36,emitMessage
FN:40,setRelay
FN:46,setBlacklisted
FN:50,acceptRelayedCall
FN:74,postRelayedCall
FNF:10
FNH:9
FNDA:3,constructor
FNDA:3,deposit
FNDA:2,withdraw
FNDA:2,testRevert
FNDA:2,fallback
FNDA:13,emitMessage
FNDA:0,setRelay
FNDA:1,setBlacklisted
FNDA:22,acceptRelayedCall
FNDA:10,postRelayedCall
DA:13,3
DA:17,3
DA:21,2
DA:22,2
DA:23,2
DA:28,2
DA:29,0
DA:37,13
DA:41,0
DA:47,1
DA:54,22
DA:55,22
DA:58,20
DA:60,20
DA:64,0
DA:65,0
DA:66,0
DA:69,0
DA:76,10
LF:19
LH:13
BRDA:28,1,0,0
BRDA:28,1,1,2
BRDA:54,2,0,0
BRDA:54,2,1,22
BRDA:55,3,0,2
BRDA:55,3,1,20
BRDA:58,4,0,20
BRDA:58,4,1,0
BRDA:65,5,0,0
BRDA:65,5,1,0
BRF:10
BRH:5
end_of_record
TN:
SF:/home/ajs/gsn/ajs/tabookey-gasless/contracts/TestRecipientUtils.sol
FN:9,testFunc
FN:13,registerAsRelay
FN:16,fallback
FN:20,getParam
FN:24,getMethodSig
FN:28,getBytesParam
FN:31,getStringParam
FNF:7
FNH:6
FNDA:0,testFunc
FNDA:2,registerAsRelay
FNDA:1,fallback
FNDA:2,getParam
FNDA:1,getMethodSig
FNDA:1,getBytesParam
FNDA:1,getStringParam
DA:10,0
DA:14,2
DA:21,2
DA:25,1
DA:29,1
DA:32,1
LF:6
LH:5
BRF:0
BRH:0
end_of_record
