TN:
SF:/home/ajs/gsn/ajs/tabookey-gasless/contracts/ConvertLib.sol
FN:4,convert
FNF:1
FNH:0
FNDA:0,convert
DA:6,0
LF:1
LH:0
BRF:0
BRH:0
end_of_record
TN:
SF:/home/ajs/gsn/ajs/tabookey-gasless/contracts/GsnUtils.sol
FN:10,getMethodSig
FN:20,getParam
FN:30,getBytesParam
FN:36,getStringParam
FN:40,checkSig
FNF:5
FNH:0
FNDA:0,getMethodSig
FNDA:0,getParam
FNDA:0,getBytesParam
FNDA:0,getStringParam
FNDA:0,checkSig
DA:11,0
DA:21,0
DA:31,0
DA:32,0
DA:33,0
DA:37,0
DA:42,0
DA:43,0
DA:44,0
DA:45,0
LF:10
LH:0
BRF:0
BRH:0
end_of_record
TN:
SF:/home/ajs/gsn/ajs/tabookey-gasless/contracts/IRelayHub.sol
FNF:0
FNH:0
LF:0
LH:0
BRF:0
BRH:0
end_of_record
TN:
SF:/home/ajs/gsn/ajs/tabookey-gasless/contracts/IRelayRecipient.sol
FNF:0
FNH:0
LF:0
LH:0
BRF:0
BRH:0
end_of_record
TN:
SF:/home/ajs/gsn/ajs/tabookey-gasless/contracts/MetaCoin.sol
FN:22,constructor
FN:27,sendCoin
FN:37,getBalanceInEth
FN:41,getBalance
FN:52,mint
FN:62,acceptRelayedCall
FN:91,postRelayedCall
FN:102,initHub
FN:106,withdraw_relay_funds
FN:111,fallback
FNF:10
FNH:1
FNDA:2,constructor
FNDA:0,sendCoin
FNDA:0,getBalanceInEth
FNDA:0,getBalance
FNDA:0,mint
FNDA:0,acceptRelayedCall
FNDA:0,postRelayedCall
FNDA:0,initHub
FNDA:0,withdraw_relay_funds
FNDA:0,fallback
DA:23,2
DA:24,2
DA:28,0
DA:29,0
DA:31,0
DA:32,0
DA:33,0
DA:34,0
DA:38,0
DA:42,0
DA:54,0
DA:56,0
DA:57,0
DA:74,0
DA:76,0
DA:77,0
DA:81,0
DA:86,0
DA:88,0
DA:103,0
DA:107,0
DA:108,0
LF:22
LH:2
BRDA:28,1,0,0
BRDA:28,1,1,0
BRDA:74,2,0,0
BRDA:74,2,1,0
BRDA:86,3,0,0
BRDA:86,3,1,0
BRF:6
BRH:0
end_of_record
TN:
SF:/home/ajs/gsn/ajs/tabookey-gasless/contracts/RelayHub.sol
FN:46,validateStake
FN:52,getNonce
FN:63,depositFor
FN:77,withdraw
FN:85,balanceOf
FN:89,stakeOf
FN:93,ownerOf
FN:98,stake
FN:114,canUnstake
FN:119,unstake
FN:128,registerRelay
FN:143,removeRelayByOwner
FN:158,canRelay
FN:173,handleAcceptRelayCall
FN:200,relayCall
FN:237,emitTransactionRelayed
FN:241,recipientCalls
FN:268,decodeTransaction
FN:274,penalizeRepeatedNonce
FN:298,penalizeIllegalTransaction
FN:316,penalizeInternal
FNF:21
FNH:0
FNDA:0,validateStake
FNDA:0,getNonce
FNDA:0,depositFor
FNDA:0,withdraw
FNDA:0,balanceOf
FNDA:0,stakeOf
FNDA:0,ownerOf
FNDA:0,stake
FNDA:0,canUnstake
FNDA:0,unstake
FNDA:0,registerRelay
FNDA:0,removeRelayByOwner
FNDA:0,canRelay
FNDA:0,handleAcceptRelayCall
FNDA:0,relayCall
FNDA:0,emitTransactionRelayed
FNDA:0,recipientCalls
FNDA:0,decodeTransaction
FNDA:0,penalizeRepeatedNonce
FNDA:0,penalizeIllegalTransaction
FNDA:0,penalizeInternal
DA:47,0
DA:48,0
DA:49,0
DA:53,0
DA:64,0
DA:65,0
DA:66,0
DA:67,0
DA:78,0
DA:79,0
DA:80,0
DA:81,0
DA:86,0
DA:90,0
DA:94,0
DA:100,0
DA:101,0
DA:102,0
DA:103,0
DA:105,0
DA:106,0
DA:107,0
DA:109,0
DA:110,0
DA:111,0
DA:115,0
DA:120,0
DA:121,0
DA:122,0
DA:123,0
DA:124,0
DA:125,0
DA:133,0
DA:134,0
DA:135,0
DA:136,0
DA:138,0
DA:139,0
DA:140,0
DA:144,0
DA:145,0
DA:147,0
DA:148,0
DA:150,0
DA:159,0
DA:160,0
DA:161,0
DA:162,0
DA:163,0
DA:165,0
DA:166,0
DA:169,0
DA:170,0
DA:174,0
DA:175,0
DA:176,0
DA:182,0
DA:183,0
DA:185,0
DA:201,0
DA:202,0
DA:204,0
DA:206,0
DA:207,0
DA:208,0
DA:209,0
DA:216,0
DA:217,0
DA:218,0
DA:219,0
DA:220,0
DA:221,0
DA:222,0
DA:223,0
DA:225,0
DA:226,0
DA:227,0
DA:229,0
DA:231,0
DA:232,0
DA:233,0
DA:238,0
DA:242,0
DA:246,0
DA:247,0
DA:248,0
DA:249,0
DA:250,0
DA:252,0
DA:253,0
DA:254,0
DA:255,0
DA:256,0
DA:269,0
DA:270,0
DA:281,0
DA:282,0
DA:284,0
DA:285,0
DA:287,0
DA:288,0
DA:292,0
DA:293,0
DA:294,0
DA:295,0
DA:306,0
DA:307,0
DA:308,0
DA:309,0
DA:311,0
DA:312,0
DA:313,0
DA:318,0
DA:320,0
DA:322,0
DA:324,0
DA:325,0
DA:326,0
DA:327,0
LF:119
LH:0
BRDA:47,1,0,0
BRDA:47,1,1,0
BRDA:48,2,0,0
BRDA:48,2,1,0
BRDA:49,3,0,0
BRDA:49,3,1,0
BRDA:64,4,0,0
BRDA:64,4,1,0
BRDA:66,5,0,0
BRDA:66,5,1,0
BRDA:78,6,0,0
BRDA:78,6,1,0
BRDA:100,7,0,0
BRDA:100,7,1,0
BRDA:101,8,0,0
BRDA:101,8,1,0
BRDA:105,9,0,0
BRDA:105,9,1,0
BRDA:106,10,0,0
BRDA:106,10,1,0
BRDA:120,11,0,0
BRDA:120,11,1,0
BRDA:121,12,0,0
BRDA:121,12,1,0
BRDA:134,13,0,0
BRDA:134,13,1,0
BRDA:135,14,0,0
BRDA:135,14,1,0
BRDA:144,15,0,0
BRDA:144,15,1,0
BRDA:147,16,0,0
BRDA:147,16,1,0
BRDA:162,17,0,0
BRDA:162,17,1,0
BRDA:165,18,0,0
BRDA:165,18,1,0
BRDA:182,19,0,0
BRDA:182,19,1,0
BRDA:202,20,0,0
BRDA:202,20,1,0
BRDA:204,21,0,0
BRDA:204,21,1,0
BRDA:207,22,0,0
BRDA:207,22,1,0
BRDA:216,23,0,0
BRDA:216,23,1,0
BRDA:222,24,0,0
BRDA:222,24,1,0
BRDA:226,25,0,0
BRDA:226,25,1,0
BRDA:231,26,0,0
BRDA:231,26,1,0
BRDA:242,27,0,0
BRDA:242,27,1,0
BRDA:254,28,0,0
BRDA:254,28,1,0
BRDA:255,29,0,0
BRDA:255,29,1,0
BRDA:292,30,0,0
BRDA:292,30,1,0
BRDA:293,31,0,0
BRDA:293,31,1,0
BRDA:294,32,0,0
BRDA:294,32,1,0
BRDA:307,33,0,0
BRDA:307,33,1,0
BRDA:309,34,0,0
BRDA:309,34,1,0
BRDA:318,35,0,0
BRDA:318,35,1,0
BRDA:320,36,0,0
BRDA:320,36,1,0
BRF:72
BRH:0
end_of_record
TN:
SF:/home/ajs/gsn/ajs/tabookey-gasless/contracts/RelayRecipient.sol
FN:18,getHubAddr
FN:29,initRelayHub
FN:34,setRelayHub
FN:43,getRelayHub
FN:51,getRecipientBalance
FN:55,getSenderFromData
FN:65,getSender
FN:69,getMessageData
FNF:8
FNH:0
FNDA:0,getHubAddr
FNDA:0,initRelayHub
FNDA:0,setRelayHub
FNDA:0,getRelayHub
FNDA:0,getRecipientBalance
FNDA:0,getSenderFromData
FNDA:0,getSender
FNDA:0,getMessageData
DA:19,0
DA:30,0
DA:31,0
DA:37,0
DA:40,0
DA:44,0
DA:52,0
DA:56,0
DA:57,0
DA:60,0
DA:62,0
DA:66,0
DA:70,0
DA:71,0
DA:74,0
DA:75,0
DA:77,0
DA:80,0
LF:18
LH:0
BRDA:30,1,0,0
BRDA:30,1,1,0
BRDA:57,2,0,0
BRDA:57,2,1,0
BRDA:71,3,0,0
BRDA:71,3,1,0
BRF:6
BRH:0
end_of_record
TN:
SF:/home/ajs/gsn/ajs/tabookey-gasless/contracts/RLPReader.sol
FN:30,decodeTransaction
FN:38,toRlpItem
FN:50,toList
FN:66,isList
FN:77,numItems
FN:89,_itemLength
FN:122,_payloadOffset
FN:142,toRlpBytes
FN:152,toBoolean
FN:162,toAddress
FN:168,toUint
FN:179,toBytes
FN:196,copy
FNF:13
FNH:0
FNDA:0,decodeTransaction
FNDA:0,toRlpItem
FNDA:0,toList
FNDA:0,isList
FNDA:0,numItems
FNDA:0,_itemLength
FNDA:0,_payloadOffset
FNDA:0,toRlpBytes
FNDA:0,toBoolean
FNDA:0,toAddress
FNDA:0,toUint
FNDA:0,toBytes
FNDA:0,copy
DA:31,0
DA:32,0
DA:39,0
DA:40,0
DA:41,0
DA:42,0
DA:45,0
DA:51,0
DA:52,0
DA:53,0
DA:54,0
DA:55,0
DA:56,0
DA:57,0
DA:58,0
DA:59,0
DA:67,0
DA:68,0
DA:69,0
DA:72,0
DA:73,0
DA:74,0
DA:78,0
DA:79,0
DA:80,0
DA:81,0
DA:82,0
DA:84,0
DA:86,0
DA:90,0
DA:91,0
DA:94,0
DA:95,0
DA:98,0
DA:101,0
DA:110,0
DA:113,0
DA:123,0
DA:124,0
DA:127,0
DA:128,0
DA:131,0
DA:134,0
DA:137,0
DA:143,0
DA:144,0
DA:145,0
DA:148,0
DA:149,0
DA:153,0
DA:154,0
DA:155,0
DA:156,0
DA:159,0
DA:164,0
DA:165,0
DA:169,0
DA:170,0
DA:171,0
DA:172,0
DA:173,0
DA:176,0
DA:180,0
DA:181,0
DA:183,0
DA:184,0
DA:185,0
DA:188,0
DA:189,0
DA:198,0
DA:199,0
DA:202,0
DA:203,0
DA:206,0
DA:207,0
LF:75
LH:0
BRDA:39,1,0,0
BRDA:39,1,1,0
BRDA:51,2,0,0
BRDA:51,2,1,0
BRDA:72,3,0,0
BRDA:72,3,1,0
BRDA:94,4,0,0
BRDA:94,4,1,0
BRDA:97,5,0,0
BRDA:97,5,1,0
BRDA:100,6,0,0
BRDA:100,6,1,0
BRDA:109,7,0,0
BRDA:109,7,1,0
BRDA:127,8,0,0
BRDA:127,8,1,0
BRDA:130,9,0,0
BRDA:130,9,1,0
BRDA:133,10,0,0
BRDA:133,10,1,0
BRDA:153,11,0,0
BRDA:153,11,1,0
BRDA:164,12,0,0
BRDA:164,12,1,0
BRF:24
BRH:0
end_of_record
TN:
SF:/home/ajs/gsn/ajs/tabookey-gasless/contracts/SampleRecipient.sol
FN:12,constructor
FN:16,deposit
FN:20,withdraw
FN:27,testRevert
FN:33,fallback
FN:36,emitMessage
FN:40,setRelay
FN:46,setBlacklisted
FN:50,acceptRelayedCall
FN:74,postRelayedCall
FNF:10
FNH:0
FNDA:0,constructor
FNDA:0,deposit
FNDA:0,withdraw
FNDA:0,testRevert
FNDA:0,fallback
FNDA:0,emitMessage
FNDA:0,setRelay
FNDA:0,setBlacklisted
FNDA:0,acceptRelayedCall
FNDA:0,postRelayedCall
DA:13,0
DA:17,0
DA:21,0
DA:22,0
DA:23,0
DA:28,0
DA:29,0
DA:37,0
DA:41,0
DA:47,0
DA:54,0
DA:55,0
DA:58,0
DA:60,0
DA:64,0
DA:65,0
DA:66,0
DA:69,0
DA:76,0
LF:19
LH:0
BRDA:28,1,0,0
BRDA:28,1,1,0
BRDA:54,2,0,0
BRDA:54,2,1,0
BRDA:55,3,0,0
BRDA:55,3,1,0
BRDA:58,4,0,0
BRDA:58,4,1,0
BRDA:65,5,0,0
BRDA:65,5,1,0
BRF:10
BRH:0
end_of_record
TN:
SF:/home/ajs/gsn/ajs/tabookey-gasless/contracts/TestRecipientUtils.sol
FN:9,testFunc
FN:13,registerAsRelay
FN:16,fallback
FN:20,getParam
FN:24,getMethodSig
FN:28,getBytesParam
FN:31,getStringParam
FNF:7
FNH:0
FNDA:0,testFunc
FNDA:0,registerAsRelay
FNDA:0,fallback
FNDA:0,getParam
FNDA:0,getMethodSig
FNDA:0,getBytesParam
FNDA:0,getStringParam
DA:10,0
DA:14,0
DA:21,0
DA:25,0
DA:29,0
DA:32,0
LF:6
LH:0
BRF:0
BRH:0
end_of_record
